2025-03-19T11:49:45.200+05:30  INFO 10408 --- [VIL_TRAI_complience] [main] com.vil.VilTraiComplienceApplication     : Starting VilTraiComplienceApplication using Java 17.0.12 with PID 10408 (C:\Users\Shiva P\Documents\workspace-spring-tool-suite-4-4.25.0.RELEASE\spring\potti\VIL_TRAI_complience\target\classes started by Shiva P in C:\Users\Shiva P\Documents\workspace-spring-tool-suite-4-4.25.0.RELEASE\spring\potti\VIL_TRAI_complience)
2025-03-19T11:49:45.207+05:30  INFO 10408 --- [VIL_TRAI_complience] [main] com.vil.VilTraiComplienceApplication     : No active profile set, falling back to 1 default profile: "default"
2025-03-19T11:49:45.687+05:30  INFO 10408 --- [VIL_TRAI_complience] [main] .s.d.r.c.RepositoryConfigurationDelegate : Bootstrapping Spring Data JPA repositories in DEFAULT mode.
2025-03-19T11:49:45.740+05:30  INFO 10408 --- [VIL_TRAI_complience] [main] .s.d.r.c.RepositoryConfigurationDelegate : Finished Spring Data repository scanning in 45 ms. Found 1 JPA repository interface.
2025-03-19T11:49:46.079+05:30  INFO 10408 --- [VIL_TRAI_complience] [main] o.s.b.w.embedded.tomcat.TomcatWebServer  : Tomcat initialized with port 9090 (http)
2025-03-19T11:49:46.088+05:30  INFO 10408 --- [VIL_TRAI_complience] [main] o.apache.catalina.core.StandardService   : Starting service [Tomcat]
2025-03-19T11:49:46.089+05:30  INFO 10408 --- [VIL_TRAI_complience] [main] o.apache.catalina.core.StandardEngine    : Starting Servlet engine: [Apache Tomcat/10.1.36]
2025-03-19T11:49:46.154+05:30  INFO 10408 --- [VIL_TRAI_complience] [main] o.a.c.c.C.[Tomcat].[localhost].[/]       : Initializing Spring embedded WebApplicationContext
2025-03-19T11:49:46.154+05:30  INFO 10408 --- [VIL_TRAI_complience] [main] w.s.c.ServletWebServerApplicationContext : Root WebApplicationContext: initialization completed in 913 ms
2025-03-19T11:49:46.241+05:30  INFO 10408 --- [VIL_TRAI_complience] [main] com.zaxxer.hikari.HikariDataSource       : HikariPool-1 - Starting...
2025-03-19T11:49:46.383+05:30  INFO 10408 --- [VIL_TRAI_complience] [main] com.zaxxer.hikari.pool.HikariPool        : HikariPool-1 - Added connection conn0: url=jdbc:h2:mem:testdb user=SA
2025-03-19T11:49:46.385+05:30  INFO 10408 --- [VIL_TRAI_complience] [main] com.zaxxer.hikari.HikariDataSource       : HikariPool-1 - Start completed.
2025-03-19T11:49:46.443+05:30  INFO 10408 --- [VIL_TRAI_complience] [main] o.hibernate.jpa.internal.util.LogHelper  : HHH000204: Processing PersistenceUnitInfo [name: default]
2025-03-19T11:49:46.497+05:30  INFO 10408 --- [VIL_TRAI_complience] [main] org.hibernate.Version                    : HHH000412: Hibernate ORM core version 6.6.8.Final
2025-03-19T11:49:46.534+05:30  INFO 10408 --- [VIL_TRAI_complience] [main] o.h.c.internal.RegionFactoryInitiator    : HHH000026: Second-level cache disabled
2025-03-19T11:49:46.771+05:30  INFO 10408 --- [VIL_TRAI_complience] [main] o.s.o.j.p.SpringPersistenceUnitInfo      : No LoadTimeWeaver setup: ignoring JPA class transformer
2025-03-19T11:49:46.822+05:30  WARN 10408 --- [VIL_TRAI_complience] [main] org.hibernate.orm.deprecation            : HHH90000025: H2Dialect does not need to be specified explicitly using 'hibernate.dialect' (remove the property setting and it will be selected by default)
2025-03-19T11:49:46.837+05:30  INFO 10408 --- [VIL_TRAI_complience] [main] org.hibernate.orm.connections.pooling    : HHH10001005: Database info:
	Database JDBC URL [Connecting through datasource 'HikariDataSource (HikariPool-1)']
	Database driver: undefined/unknown
	Database version: 2.3.232
	Autocommit mode: undefined/unknown
	Isolation level: undefined/unknown
	Minimum pool size: undefined/unknown
	Maximum pool size: undefined/unknown
2025-03-19T11:49:47.502+05:30  INFO 10408 --- [VIL_TRAI_complience] [main] o.h.e.t.j.p.i.JtaPlatformInitiator       : HHH000489: No JTA platform available (set 'hibernate.transaction.jta.platform' to enable JTA platform integration)
2025-03-19T11:49:47.526+05:30  INFO 10408 --- [VIL_TRAI_complience] [main] j.LocalContainerEntityManagerFactoryBean : Initialized JPA EntityManagerFactory for persistence unit 'default'
2025-03-19T11:49:47.712+05:30  WARN 10408 --- [VIL_TRAI_complience] [main] JpaBaseConfiguration$JpaWebConfiguration : spring.jpa.open-in-view is enabled by default. Therefore, database queries may be performed during view rendering. Explicitly configure spring.jpa.open-in-view to disable this warning
2025-03-19T11:49:47.941+05:30  INFO 10408 --- [VIL_TRAI_complience] [main] o.s.b.a.h2.H2ConsoleAutoConfiguration    : H2 console available at '/h2-console'. Database available at 'jdbc:h2:mem:testdb'
2025-03-19T11:49:47.992+05:30  INFO 10408 --- [VIL_TRAI_complience] [main] o.s.b.w.embedded.tomcat.TomcatWebServer  : Tomcat started on port 9090 (http) with context path '/'
2025-03-19T11:49:48.000+05:30  INFO 10408 --- [VIL_TRAI_complience] [main] com.vil.VilTraiComplienceApplication     : Started VilTraiComplienceApplication in 3.14 seconds (process running for 3.539)
2025-03-19T11:59:33.020+05:30  INFO 10408 --- [VIL_TRAI_complience] [http-nio-9090-exec-2] o.a.c.c.C.[Tomcat].[localhost].[/]       : Initializing Spring DispatcherServlet 'dispatcherServlet'
2025-03-19T11:59:33.020+05:30  INFO 10408 --- [VIL_TRAI_complience] [http-nio-9090-exec-2] o.s.web.servlet.DispatcherServlet        : Initializing Servlet 'dispatcherServlet'
2025-03-19T11:59:33.026+05:30  INFO 10408 --- [VIL_TRAI_complience] [http-nio-9090-exec-2] o.s.web.servlet.DispatcherServlet        : Completed initialization in 6 ms
2025-03-19T12:04:31.310+05:30  INFO 10408 --- [VIL_TRAI_complience] [RMI TCP Connection(21)-127.0.0.1] inMXBeanRegistrar$SpringApplicationAdmin : Application shutdown requested.
2025-03-19T12:04:31.313+05:30  INFO 10408 --- [VIL_TRAI_complience] [RMI TCP Connection(21)-127.0.0.1] o.s.b.w.e.tomcat.GracefulShutdown        : Commencing graceful shutdown. Waiting for active requests to complete
2025-03-19T12:04:31.410+05:30  INFO 10408 --- [VIL_TRAI_complience] [tomcat-shutdown] o.s.b.w.e.tomcat.GracefulShutdown        : Graceful shutdown complete
2025-03-19T12:04:31.413+05:30  INFO 10408 --- [VIL_TRAI_complience] [RMI TCP Connection(21)-127.0.0.1] j.LocalContainerEntityManagerFactoryBean : Closing JPA EntityManagerFactory for persistence unit 'default'
2025-03-19T12:04:31.416+05:30  INFO 10408 --- [VIL_TRAI_complience] [RMI TCP Connection(21)-127.0.0.1] com.zaxxer.hikari.HikariDataSource       : HikariPool-1 - Shutdown initiated...
2025-03-19T12:04:31.419+05:30  INFO 10408 --- [VIL_TRAI_complience] [RMI TCP Connection(21)-127.0.0.1] com.zaxxer.hikari.HikariDataSource       : HikariPool-1 - Shutdown completed.
2025-03-19T12:04:38.859+05:30  INFO 3344 --- [VIL_TRAI_complience] [main] com.vil.VilTraiComplienceApplication     : Starting VilTraiComplienceApplication using Java 17.0.12 with PID 3344 (C:\Users\Shiva P\Documents\workspace-spring-tool-suite-4-4.25.0.RELEASE\spring\potti\VIL_TRAI_complience\target\classes started by Shiva P in C:\Users\Shiva P\Documents\workspace-spring-tool-suite-4-4.25.0.RELEASE\spring\potti\VIL_TRAI_complience)
2025-03-19T12:04:38.861+05:30  INFO 3344 --- [VIL_TRAI_complience] [main] com.vil.VilTraiComplienceApplication     : No active profile set, falling back to 1 default profile: "default"
2025-03-19T12:04:39.305+05:30  INFO 3344 --- [VIL_TRAI_complience] [main] .s.d.r.c.RepositoryConfigurationDelegate : Bootstrapping Spring Data JPA repositories in DEFAULT mode.
2025-03-19T12:04:39.351+05:30  INFO 3344 --- [VIL_TRAI_complience] [main] .s.d.r.c.RepositoryConfigurationDelegate : Finished Spring Data repository scanning in 32 ms. Found 1 JPA repository interface.
2025-03-19T12:04:39.643+05:30  INFO 3344 --- [VIL_TRAI_complience] [main] o.s.b.w.embedded.tomcat.TomcatWebServer  : Tomcat initialized with port 9090 (http)
2025-03-19T12:04:39.652+05:30  INFO 3344 --- [VIL_TRAI_complience] [main] o.apache.catalina.core.StandardService   : Starting service [Tomcat]
2025-03-19T12:04:39.652+05:30  INFO 3344 --- [VIL_TRAI_complience] [main] o.apache.catalina.core.StandardEngine    : Starting Servlet engine: [Apache Tomcat/10.1.36]
2025-03-19T12:04:39.693+05:30  INFO 3344 --- [VIL_TRAI_complience] [main] o.a.c.c.C.[Tomcat].[localhost].[/]       : Initializing Spring embedded WebApplicationContext
2025-03-19T12:04:39.694+05:30  INFO 3344 --- [VIL_TRAI_complience] [main] w.s.c.ServletWebServerApplicationContext : Root WebApplicationContext: initialization completed in 798 ms
2025-03-19T12:04:39.770+05:30  INFO 3344 --- [VIL_TRAI_complience] [main] com.zaxxer.hikari.HikariDataSource       : HikariPool-1 - Starting...
2025-03-19T12:04:39.896+05:30  INFO 3344 --- [VIL_TRAI_complience] [main] com.zaxxer.hikari.pool.HikariPool        : HikariPool-1 - Added connection conn0: url=jdbc:h2:mem:testdb user=SA
2025-03-19T12:04:39.898+05:30  INFO 3344 --- [VIL_TRAI_complience] [main] com.zaxxer.hikari.HikariDataSource       : HikariPool-1 - Start completed.
2025-03-19T12:04:39.946+05:30  INFO 3344 --- [VIL_TRAI_complience] [main] o.hibernate.jpa.internal.util.LogHelper  : HHH000204: Processing PersistenceUnitInfo [name: default]
2025-03-19T12:04:39.980+05:30  INFO 3344 --- [VIL_TRAI_complience] [main] org.hibernate.Version                    : HHH000412: Hibernate ORM core version 6.6.8.Final
2025-03-19T12:04:40.005+05:30  INFO 3344 --- [VIL_TRAI_complience] [main] o.h.c.internal.RegionFactoryInitiator    : HHH000026: Second-level cache disabled
2025-03-19T12:04:40.182+05:30  INFO 3344 --- [VIL_TRAI_complience] [main] o.s.o.j.p.SpringPersistenceUnitInfo      : No LoadTimeWeaver setup: ignoring JPA class transformer
2025-03-19T12:04:40.212+05:30  WARN 3344 --- [VIL_TRAI_complience] [main] org.hibernate.orm.deprecation            : HHH90000025: H2Dialect does not need to be specified explicitly using 'hibernate.dialect' (remove the property setting and it will be selected by default)
2025-03-19T12:04:40.226+05:30  INFO 3344 --- [VIL_TRAI_complience] [main] org.hibernate.orm.connections.pooling    : HHH10001005: Database info:
	Database JDBC URL [Connecting through datasource 'HikariDataSource (HikariPool-1)']
	Database driver: undefined/unknown
	Database version: 2.3.232
	Autocommit mode: undefined/unknown
	Isolation level: undefined/unknown
	Minimum pool size: undefined/unknown
	Maximum pool size: undefined/unknown
2025-03-19T12:04:40.774+05:30  INFO 3344 --- [VIL_TRAI_complience] [main] o.h.e.t.j.p.i.JtaPlatformInitiator       : HHH000489: No JTA platform available (set 'hibernate.transaction.jta.platform' to enable JTA platform integration)
2025-03-19T12:04:40.797+05:30  INFO 3344 --- [VIL_TRAI_complience] [main] j.LocalContainerEntityManagerFactoryBean : Initialized JPA EntityManagerFactory for persistence unit 'default'
2025-03-19T12:04:40.955+05:30  WARN 3344 --- [VIL_TRAI_complience] [main] JpaBaseConfiguration$JpaWebConfiguration : spring.jpa.open-in-view is enabled by default. Therefore, database queries may be performed during view rendering. Explicitly configure spring.jpa.open-in-view to disable this warning
2025-03-19T12:04:41.159+05:30  INFO 3344 --- [VIL_TRAI_complience] [main] o.s.b.a.h2.H2ConsoleAutoConfiguration    : H2 console available at '/h2-console'. Database available at 'jdbc:h2:mem:testdb'
2025-03-19T12:04:41.209+05:30  INFO 3344 --- [VIL_TRAI_complience] [main] o.s.b.w.embedded.tomcat.TomcatWebServer  : Tomcat started on port 9090 (http) with context path '/'
2025-03-19T12:04:41.219+05:30  INFO 3344 --- [VIL_TRAI_complience] [main] com.vil.VilTraiComplienceApplication     : Started VilTraiComplienceApplication in 2.679 seconds (process running for 3.069)
2025-03-19T12:05:44.084+05:30  INFO 3344 --- [VIL_TRAI_complience] [http-nio-9090-exec-1] o.a.c.c.C.[Tomcat].[localhost].[/]       : Initializing Spring DispatcherServlet 'dispatcherServlet'
2025-03-19T12:05:44.085+05:30  INFO 3344 --- [VIL_TRAI_complience] [http-nio-9090-exec-1] o.s.web.servlet.DispatcherServlet        : Initializing Servlet 'dispatcherServlet'
2025-03-19T12:05:44.088+05:30  INFO 3344 --- [VIL_TRAI_complience] [http-nio-9090-exec-1] o.s.web.servlet.DispatcherServlet        : Completed initialization in 2 ms
2025-03-19T12:09:32.384+05:30  INFO 3344 --- [VIL_TRAI_complience] [RMI TCP Connection(10)-127.0.0.1] inMXBeanRegistrar$SpringApplicationAdmin : Application shutdown requested.
2025-03-19T12:09:32.386+05:30  INFO 3344 --- [VIL_TRAI_complience] [RMI TCP Connection(10)-127.0.0.1] o.s.b.w.e.tomcat.GracefulShutdown        : Commencing graceful shutdown. Waiting for active requests to complete
2025-03-19T12:09:32.454+05:30  INFO 3344 --- [VIL_TRAI_complience] [tomcat-shutdown] o.s.b.w.e.tomcat.GracefulShutdown        : Graceful shutdown complete
2025-03-19T12:09:32.458+05:30  INFO 3344 --- [VIL_TRAI_complience] [RMI TCP Connection(10)-127.0.0.1] j.LocalContainerEntityManagerFactoryBean : Closing JPA EntityManagerFactory for persistence unit 'default'
2025-03-19T12:09:32.461+05:30  INFO 3344 --- [VIL_TRAI_complience] [RMI TCP Connection(10)-127.0.0.1] com.zaxxer.hikari.HikariDataSource       : HikariPool-1 - Shutdown initiated...
2025-03-19T12:09:32.463+05:30  INFO 3344 --- [VIL_TRAI_complience] [RMI TCP Connection(10)-127.0.0.1] com.zaxxer.hikari.HikariDataSource       : HikariPool-1 - Shutdown completed.
2025-03-19T12:10:35.261+05:30  INFO 7668 --- [VIL_TRAI_complience] [main] com.vil.VilTraiComplienceApplication     : Starting VilTraiComplienceApplication using Java 17.0.12 with PID 7668 (C:\Users\Shiva P\Documents\workspace-spring-tool-suite-4-4.25.0.RELEASE\spring\potti\VIL_TRAI_complience\target\classes started by Shiva P in C:\Users\Shiva P\Documents\workspace-spring-tool-suite-4-4.25.0.RELEASE\spring\potti\VIL_TRAI_complience)
2025-03-19T12:10:35.264+05:30  INFO 7668 --- [VIL_TRAI_complience] [main] com.vil.VilTraiComplienceApplication     : No active profile set, falling back to 1 default profile: "default"
2025-03-19T12:10:35.684+05:30  INFO 7668 --- [VIL_TRAI_complience] [main] .s.d.r.c.RepositoryConfigurationDelegate : Bootstrapping Spring Data JPA repositories in DEFAULT mode.
2025-03-19T12:10:35.733+05:30  INFO 7668 --- [VIL_TRAI_complience] [main] .s.d.r.c.RepositoryConfigurationDelegate : Finished Spring Data repository scanning in 38 ms. Found 1 JPA repository interface.
2025-03-19T12:10:36.043+05:30  INFO 7668 --- [VIL_TRAI_complience] [main] o.s.b.w.embedded.tomcat.TomcatWebServer  : Tomcat initialized with port 9090 (http)
2025-03-19T12:10:36.051+05:30  INFO 7668 --- [VIL_TRAI_complience] [main] o.apache.catalina.core.StandardService   : Starting service [Tomcat]
2025-03-19T12:10:36.051+05:30  INFO 7668 --- [VIL_TRAI_complience] [main] o.apache.catalina.core.StandardEngine    : Starting Servlet engine: [Apache Tomcat/10.1.36]
2025-03-19T12:10:36.090+05:30  INFO 7668 --- [VIL_TRAI_complience] [main] o.a.c.c.C.[Tomcat].[localhost].[/]       : Initializing Spring embedded WebApplicationContext
2025-03-19T12:10:36.091+05:30  INFO 7668 --- [VIL_TRAI_complience] [main] w.s.c.ServletWebServerApplicationContext : Root WebApplicationContext: initialization completed in 792 ms
2025-03-19T12:10:36.162+05:30  INFO 7668 --- [VIL_TRAI_complience] [main] com.zaxxer.hikari.HikariDataSource       : HikariPool-1 - Starting...
2025-03-19T12:10:36.281+05:30  INFO 7668 --- [VIL_TRAI_complience] [main] com.zaxxer.hikari.pool.HikariPool        : HikariPool-1 - Added connection conn0: url=jdbc:h2:mem:testdb user=SA
2025-03-19T12:10:36.283+05:30  INFO 7668 --- [VIL_TRAI_complience] [main] com.zaxxer.hikari.HikariDataSource       : HikariPool-1 - Start completed.
2025-03-19T12:10:36.335+05:30  INFO 7668 --- [VIL_TRAI_complience] [main] o.hibernate.jpa.internal.util.LogHelper  : HHH000204: Processing PersistenceUnitInfo [name: default]
2025-03-19T12:10:36.366+05:30  INFO 7668 --- [VIL_TRAI_complience] [main] org.hibernate.Version                    : HHH000412: Hibernate ORM core version 6.6.8.Final
2025-03-19T12:10:36.389+05:30  INFO 7668 --- [VIL_TRAI_complience] [main] o.h.c.internal.RegionFactoryInitiator    : HHH000026: Second-level cache disabled
2025-03-19T12:10:36.557+05:30  INFO 7668 --- [VIL_TRAI_complience] [main] o.s.o.j.p.SpringPersistenceUnitInfo      : No LoadTimeWeaver setup: ignoring JPA class transformer
2025-03-19T12:10:36.588+05:30  WARN 7668 --- [VIL_TRAI_complience] [main] org.hibernate.orm.deprecation            : HHH90000025: H2Dialect does not need to be specified explicitly using 'hibernate.dialect' (remove the property setting and it will be selected by default)
2025-03-19T12:10:36.601+05:30  INFO 7668 --- [VIL_TRAI_complience] [main] org.hibernate.orm.connections.pooling    : HHH10001005: Database info:
	Database JDBC URL [Connecting through datasource 'HikariDataSource (HikariPool-1)']
	Database driver: undefined/unknown
	Database version: 2.3.232
	Autocommit mode: undefined/unknown
	Isolation level: undefined/unknown
	Minimum pool size: undefined/unknown
	Maximum pool size: undefined/unknown
2025-03-19T12:10:37.145+05:30  INFO 7668 --- [VIL_TRAI_complience] [main] o.h.e.t.j.p.i.JtaPlatformInitiator       : HHH000489: No JTA platform available (set 'hibernate.transaction.jta.platform' to enable JTA platform integration)
2025-03-19T12:10:37.165+05:30  INFO 7668 --- [VIL_TRAI_complience] [main] j.LocalContainerEntityManagerFactoryBean : Initialized JPA EntityManagerFactory for persistence unit 'default'
2025-03-19T12:10:37.316+05:30  WARN 7668 --- [VIL_TRAI_complience] [main] JpaBaseConfiguration$JpaWebConfiguration : spring.jpa.open-in-view is enabled by default. Therefore, database queries may be performed during view rendering. Explicitly configure spring.jpa.open-in-view to disable this warning
2025-03-19T12:10:37.512+05:30  INFO 7668 --- [VIL_TRAI_complience] [main] o.s.b.a.h2.H2ConsoleAutoConfiguration    : H2 console available at '/h2-console'. Database available at 'jdbc:h2:mem:testdb'
2025-03-19T12:10:37.561+05:30  INFO 7668 --- [VIL_TRAI_complience] [main] o.s.b.w.embedded.tomcat.TomcatWebServer  : Tomcat started on port 9090 (http) with context path '/'
2025-03-19T12:10:37.568+05:30  INFO 7668 --- [VIL_TRAI_complience] [main] com.vil.VilTraiComplienceApplication     : Started VilTraiComplienceApplication in 2.631 seconds (process running for 3.031)
2025-03-19T12:18:59.804+05:30  WARN 7668 --- [VIL_TRAI_complience] [HikariPool-1 housekeeper] com.zaxxer.hikari.pool.HikariPool        : HikariPool-1 - Thread starvation or clock leap detected (housekeeper delta=5m23s374ms796µs400ns).
2025-03-19T12:19:01.043+05:30  INFO 7668 --- [VIL_TRAI_complience] [http-nio-9090-exec-2] o.a.c.c.C.[Tomcat].[localhost].[/]       : Initializing Spring DispatcherServlet 'dispatcherServlet'
2025-03-19T12:19:01.043+05:30  INFO 7668 --- [VIL_TRAI_complience] [http-nio-9090-exec-2] o.s.web.servlet.DispatcherServlet        : Initializing Servlet 'dispatcherServlet'
2025-03-19T12:19:01.045+05:30  INFO 7668 --- [VIL_TRAI_complience] [http-nio-9090-exec-2] o.s.web.servlet.DispatcherServlet        : Completed initialization in 2 ms
2025-03-19T12:29:44.970+05:30  INFO 7668 --- [VIL_TRAI_complience] [RMI TCP Connection(22)-127.0.0.1] inMXBeanRegistrar$SpringApplicationAdmin : Application shutdown requested.
2025-03-19T12:29:44.972+05:30  INFO 7668 --- [VIL_TRAI_complience] [RMI TCP Connection(22)-127.0.0.1] o.s.b.w.e.tomcat.GracefulShutdown        : Commencing graceful shutdown. Waiting for active requests to complete
2025-03-19T12:29:45.043+05:30  INFO 7668 --- [VIL_TRAI_complience] [tomcat-shutdown] o.s.b.w.e.tomcat.GracefulShutdown        : Graceful shutdown complete
2025-03-19T12:29:45.046+05:30  INFO 7668 --- [VIL_TRAI_complience] [RMI TCP Connection(22)-127.0.0.1] j.LocalContainerEntityManagerFactoryBean : Closing JPA EntityManagerFactory for persistence unit 'default'
2025-03-19T12:29:45.049+05:30  INFO 7668 --- [VIL_TRAI_complience] [RMI TCP Connection(22)-127.0.0.1] com.zaxxer.hikari.HikariDataSource       : HikariPool-1 - Shutdown initiated...
2025-03-19T12:29:45.050+05:30  INFO 7668 --- [VIL_TRAI_complience] [RMI TCP Connection(22)-127.0.0.1] com.zaxxer.hikari.HikariDataSource       : HikariPool-1 - Shutdown completed.
2025-03-19T12:29:49.139+05:30  INFO 16828 --- [VIL_TRAI_complience] [main] com.vil.VilTraiComplienceApplication     : Starting VilTraiComplienceApplication using Java 17.0.12 with PID 16828 (C:\Users\Shiva P\Documents\workspace-spring-tool-suite-4-4.25.0.RELEASE\spring\potti\VIL_TRAI_complience\target\classes started by Shiva P in C:\Users\Shiva P\Documents\workspace-spring-tool-suite-4-4.25.0.RELEASE\spring\potti\VIL_TRAI_complience)
2025-03-19T12:29:49.141+05:30  INFO 16828 --- [VIL_TRAI_complience] [main] com.vil.VilTraiComplienceApplication     : No active profile set, falling back to 1 default profile: "default"
2025-03-19T12:29:49.555+05:30  INFO 16828 --- [VIL_TRAI_complience] [main] .s.d.r.c.RepositoryConfigurationDelegate : Bootstrapping Spring Data JPA repositories in DEFAULT mode.
2025-03-19T12:29:49.606+05:30  INFO 16828 --- [VIL_TRAI_complience] [main] .s.d.r.c.RepositoryConfigurationDelegate : Finished Spring Data repository scanning in 43 ms. Found 1 JPA repository interface.
2025-03-19T12:29:49.899+05:30  INFO 16828 --- [VIL_TRAI_complience] [main] o.s.b.w.embedded.tomcat.TomcatWebServer  : Tomcat initialized with port 9090 (http)
2025-03-19T12:29:49.910+05:30  INFO 16828 --- [VIL_TRAI_complience] [main] o.apache.catalina.core.StandardService   : Starting service [Tomcat]
2025-03-19T12:29:49.910+05:30  INFO 16828 --- [VIL_TRAI_complience] [main] o.apache.catalina.core.StandardEngine    : Starting Servlet engine: [Apache Tomcat/10.1.36]
2025-03-19T12:29:49.949+05:30  INFO 16828 --- [VIL_TRAI_complience] [main] o.a.c.c.C.[Tomcat].[localhost].[/]       : Initializing Spring embedded WebApplicationContext
2025-03-19T12:29:49.950+05:30  INFO 16828 --- [VIL_TRAI_complience] [main] w.s.c.ServletWebServerApplicationContext : Root WebApplicationContext: initialization completed in 772 ms
2025-03-19T12:29:50.019+05:30  INFO 16828 --- [VIL_TRAI_complience] [main] com.zaxxer.hikari.HikariDataSource       : HikariPool-1 - Starting...
2025-03-19T12:29:50.144+05:30  INFO 16828 --- [VIL_TRAI_complience] [main] com.zaxxer.hikari.pool.HikariPool        : HikariPool-1 - Added connection conn0: url=jdbc:h2:mem:testdb user=SA
2025-03-19T12:29:50.163+05:30  INFO 16828 --- [VIL_TRAI_complience] [main] com.zaxxer.hikari.HikariDataSource       : HikariPool-1 - Start completed.
2025-03-19T12:29:50.210+05:30  INFO 16828 --- [VIL_TRAI_complience] [main] o.hibernate.jpa.internal.util.LogHelper  : HHH000204: Processing PersistenceUnitInfo [name: default]
2025-03-19T12:29:50.246+05:30  INFO 16828 --- [VIL_TRAI_complience] [main] org.hibernate.Version                    : HHH000412: Hibernate ORM core version 6.6.8.Final
2025-03-19T12:29:50.272+05:30  INFO 16828 --- [VIL_TRAI_complience] [main] o.h.c.internal.RegionFactoryInitiator    : HHH000026: Second-level cache disabled
2025-03-19T12:29:50.441+05:30  INFO 16828 --- [VIL_TRAI_complience] [main] o.s.o.j.p.SpringPersistenceUnitInfo      : No LoadTimeWeaver setup: ignoring JPA class transformer
2025-03-19T12:29:50.472+05:30  WARN 16828 --- [VIL_TRAI_complience] [main] org.hibernate.orm.deprecation            : HHH90000025: H2Dialect does not need to be specified explicitly using 'hibernate.dialect' (remove the property setting and it will be selected by default)
2025-03-19T12:29:50.485+05:30  INFO 16828 --- [VIL_TRAI_complience] [main] org.hibernate.orm.connections.pooling    : HHH10001005: Database info:
	Database JDBC URL [Connecting through datasource 'HikariDataSource (HikariPool-1)']
	Database driver: undefined/unknown
	Database version: 2.3.232
	Autocommit mode: undefined/unknown
	Isolation level: undefined/unknown
	Minimum pool size: undefined/unknown
	Maximum pool size: undefined/unknown
2025-03-19T12:29:51.050+05:30  INFO 16828 --- [VIL_TRAI_complience] [main] o.h.e.t.j.p.i.JtaPlatformInitiator       : HHH000489: No JTA platform available (set 'hibernate.transaction.jta.platform' to enable JTA platform integration)
2025-03-19T12:29:51.071+05:30  INFO 16828 --- [VIL_TRAI_complience] [main] j.LocalContainerEntityManagerFactoryBean : Initialized JPA EntityManagerFactory for persistence unit 'default'
2025-03-19T12:29:51.227+05:30  WARN 16828 --- [VIL_TRAI_complience] [main] JpaBaseConfiguration$JpaWebConfiguration : spring.jpa.open-in-view is enabled by default. Therefore, database queries may be performed during view rendering. Explicitly configure spring.jpa.open-in-view to disable this warning
2025-03-19T12:29:51.434+05:30  INFO 16828 --- [VIL_TRAI_complience] [main] o.s.b.a.h2.H2ConsoleAutoConfiguration    : H2 console available at '/h2-console'. Database available at 'jdbc:h2:mem:testdb'
2025-03-19T12:29:51.487+05:30  INFO 16828 --- [VIL_TRAI_complience] [main] o.s.b.w.embedded.tomcat.TomcatWebServer  : Tomcat started on port 9090 (http) with context path '/'
2025-03-19T12:29:51.493+05:30  INFO 16828 --- [VIL_TRAI_complience] [main] com.vil.VilTraiComplienceApplication     : Started VilTraiComplienceApplication in 2.663 seconds (process running for 3.028)
2025-03-19T12:30:09.313+05:30  INFO 16828 --- [VIL_TRAI_complience] [http-nio-9090-exec-1] o.a.c.c.C.[Tomcat].[localhost].[/]       : Initializing Spring DispatcherServlet 'dispatcherServlet'
2025-03-19T12:30:09.313+05:30  INFO 16828 --- [VIL_TRAI_complience] [http-nio-9090-exec-1] o.s.web.servlet.DispatcherServlet        : Initializing Servlet 'dispatcherServlet'
2025-03-19T12:30:09.314+05:30  INFO 16828 --- [VIL_TRAI_complience] [http-nio-9090-exec-1] o.s.web.servlet.DispatcherServlet        : Completed initialization in 1 ms
2025-03-19T12:34:13.555+05:30  INFO 16828 --- [VIL_TRAI_complience] [RMI TCP Connection(10)-127.0.0.1] inMXBeanRegistrar$SpringApplicationAdmin : Application shutdown requested.
2025-03-19T12:34:13.558+05:30  INFO 16828 --- [VIL_TRAI_complience] [RMI TCP Connection(10)-127.0.0.1] o.s.b.w.e.tomcat.GracefulShutdown        : Commencing graceful shutdown. Waiting for active requests to complete
2025-03-19T12:34:13.645+05:30  INFO 16828 --- [VIL_TRAI_complience] [tomcat-shutdown] o.s.b.w.e.tomcat.GracefulShutdown        : Graceful shutdown complete
2025-03-19T12:34:13.647+05:30  INFO 16828 --- [VIL_TRAI_complience] [RMI TCP Connection(10)-127.0.0.1] j.LocalContainerEntityManagerFactoryBean : Closing JPA EntityManagerFactory for persistence unit 'default'
2025-03-19T12:34:13.650+05:30  INFO 16828 --- [VIL_TRAI_complience] [RMI TCP Connection(10)-127.0.0.1] com.zaxxer.hikari.HikariDataSource       : HikariPool-1 - Shutdown initiated...
2025-03-19T12:34:13.651+05:30  INFO 16828 --- [VIL_TRAI_complience] [RMI TCP Connection(10)-127.0.0.1] com.zaxxer.hikari.HikariDataSource       : HikariPool-1 - Shutdown completed.
2025-03-19T12:34:29.227+05:30  INFO 17708 --- [VIL_TRAI_complience] [main] com.vil.VilTraiComplienceApplication     : Starting VilTraiComplienceApplication using Java 17.0.12 with PID 17708 (C:\Users\Shiva P\Documents\workspace-spring-tool-suite-4-4.25.0.RELEASE\spring\potti\VIL_TRAI_complience\target\classes started by Shiva P in C:\Users\Shiva P\Documents\workspace-spring-tool-suite-4-4.25.0.RELEASE\spring\potti\VIL_TRAI_complience)
2025-03-19T12:34:29.227+05:30  INFO 17708 --- [VIL_TRAI_complience] [main] com.vil.VilTraiComplienceApplication     : No active profile set, falling back to 1 default profile: "default"
2025-03-19T12:34:29.672+05:30  INFO 17708 --- [VIL_TRAI_complience] [main] .s.d.r.c.RepositoryConfigurationDelegate : Bootstrapping Spring Data JPA repositories in DEFAULT mode.
2025-03-19T12:34:29.724+05:30  INFO 17708 --- [VIL_TRAI_complience] [main] .s.d.r.c.RepositoryConfigurationDelegate : Finished Spring Data repository scanning in 43 ms. Found 1 JPA repository interface.
2025-03-19T12:34:30.020+05:30  INFO 17708 --- [VIL_TRAI_complience] [main] o.s.b.w.embedded.tomcat.TomcatWebServer  : Tomcat initialized with port 9090 (http)
2025-03-19T12:34:30.030+05:30  INFO 17708 --- [VIL_TRAI_complience] [main] o.apache.catalina.core.StandardService   : Starting service [Tomcat]
2025-03-19T12:34:30.030+05:30  INFO 17708 --- [VIL_TRAI_complience] [main] o.apache.catalina.core.StandardEngine    : Starting Servlet engine: [Apache Tomcat/10.1.36]
2025-03-19T12:34:30.069+05:30  INFO 17708 --- [VIL_TRAI_complience] [main] o.a.c.c.C.[Tomcat].[localhost].[/]       : Initializing Spring embedded WebApplicationContext
2025-03-19T12:34:30.076+05:30  INFO 17708 --- [VIL_TRAI_complience] [main] w.s.c.ServletWebServerApplicationContext : Root WebApplicationContext: initialization completed in 811 ms
2025-03-19T12:34:30.150+05:30  INFO 17708 --- [VIL_TRAI_complience] [main] com.zaxxer.hikari.HikariDataSource       : HikariPool-1 - Starting...
2025-03-19T12:34:30.276+05:30  INFO 17708 --- [VIL_TRAI_complience] [main] com.zaxxer.hikari.pool.HikariPool        : HikariPool-1 - Added connection conn0: url=jdbc:h2:mem:testdb user=SA
2025-03-19T12:34:30.279+05:30  INFO 17708 --- [VIL_TRAI_complience] [main] com.zaxxer.hikari.HikariDataSource       : HikariPool-1 - Start completed.
2025-03-19T12:34:30.334+05:30  INFO 17708 --- [VIL_TRAI_complience] [main] o.hibernate.jpa.internal.util.LogHelper  : HHH000204: Processing PersistenceUnitInfo [name: default]
2025-03-19T12:34:30.366+05:30  INFO 17708 --- [VIL_TRAI_complience] [main] org.hibernate.Version                    : HHH000412: Hibernate ORM core version 6.6.8.Final
2025-03-19T12:34:30.392+05:30  INFO 17708 --- [VIL_TRAI_complience] [main] o.h.c.internal.RegionFactoryInitiator    : HHH000026: Second-level cache disabled
2025-03-19T12:34:30.562+05:30  INFO 17708 --- [VIL_TRAI_complience] [main] o.s.o.j.p.SpringPersistenceUnitInfo      : No LoadTimeWeaver setup: ignoring JPA class transformer
2025-03-19T12:34:30.596+05:30  WARN 17708 --- [VIL_TRAI_complience] [main] org.hibernate.orm.deprecation            : HHH90000025: H2Dialect does not need to be specified explicitly using 'hibernate.dialect' (remove the property setting and it will be selected by default)
2025-03-19T12:34:30.609+05:30  INFO 17708 --- [VIL_TRAI_complience] [main] org.hibernate.orm.connections.pooling    : HHH10001005: Database info:
	Database JDBC URL [Connecting through datasource 'HikariDataSource (HikariPool-1)']
	Database driver: undefined/unknown
	Database version: 2.3.232
	Autocommit mode: undefined/unknown
	Isolation level: undefined/unknown
	Minimum pool size: undefined/unknown
	Maximum pool size: undefined/unknown
2025-03-19T12:34:31.156+05:30  INFO 17708 --- [VIL_TRAI_complience] [main] o.h.e.t.j.p.i.JtaPlatformInitiator       : HHH000489: No JTA platform available (set 'hibernate.transaction.jta.platform' to enable JTA platform integration)
2025-03-19T12:34:31.175+05:30  INFO 17708 --- [VIL_TRAI_complience] [main] j.LocalContainerEntityManagerFactoryBean : Initialized JPA EntityManagerFactory for persistence unit 'default'
2025-03-19T12:34:31.329+05:30  WARN 17708 --- [VIL_TRAI_complience] [main] JpaBaseConfiguration$JpaWebConfiguration : spring.jpa.open-in-view is enabled by default. Therefore, database queries may be performed during view rendering. Explicitly configure spring.jpa.open-in-view to disable this warning
2025-03-19T12:34:31.530+05:30  INFO 17708 --- [VIL_TRAI_complience] [main] o.s.b.a.h2.H2ConsoleAutoConfiguration    : H2 console available at '/h2-console'. Database available at 'jdbc:h2:mem:testdb'
2025-03-19T12:34:31.583+05:30  INFO 17708 --- [VIL_TRAI_complience] [main] o.s.b.w.embedded.tomcat.TomcatWebServer  : Tomcat started on port 9090 (http) with context path '/'
2025-03-19T12:34:31.593+05:30  INFO 17708 --- [VIL_TRAI_complience] [main] com.vil.VilTraiComplienceApplication     : Started VilTraiComplienceApplication in 2.689 seconds (process running for 3.066)
2025-03-19T12:35:10.144+05:30  INFO 17708 --- [VIL_TRAI_complience] [http-nio-9090-exec-2] o.a.c.c.C.[Tomcat].[localhost].[/]       : Initializing Spring DispatcherServlet 'dispatcherServlet'
2025-03-19T12:35:10.144+05:30  INFO 17708 --- [VIL_TRAI_complience] [http-nio-9090-exec-2] o.s.web.servlet.DispatcherServlet        : Initializing Servlet 'dispatcherServlet'
2025-03-19T12:35:10.148+05:30  INFO 17708 --- [VIL_TRAI_complience] [http-nio-9090-exec-2] o.s.web.servlet.DispatcherServlet        : Completed initialization in 3 ms
